2016-11-03 05-36-35	VKClone.xmlz	d8477c3e-2b57-41cb-bcb7-f7a111f5672c	Проверка входных настроек	C:\VKClone\	[АЛ] - Не указан ключ rucaptcha во входных настройках	
2016-11-03 05-38-05	VKClone.xmlz	d8477c3e-2b57-41cb-bcb7-f7a111f5672c	Проверка входных настроек	C:\VKClone\	[АЛ] - Вы не указали файл со ссылками на личный сайт	
2016-11-03 05-48-36	VKClone.xmlz	9ddb63f1-8dca-40b8-8f7e-d3644a9b25d5	Проверка логина и пароль от аккаунта	C:\VKClone\	Неправильно указаны аккаунты в файле. Правильный формат -  login-vk:password-vk^login-proxy:password-proxy@ip:port . Кодировка файла - UTF-8 без BOM	
2016-11-03 05-50-11	VKClone.xmlz	9ddb63f1-8dca-40b8-8f7e-d3644a9b25d5	Проверка логина и пароль от аккаунта	C:\VKClone\	Неправильно указаны аккаунты в файле. Правильный формат -  login-vk:password-vk^login-proxy:password-proxy@ip:port . Кодировка файла - UTF-8 без BOM	
2016-11-03 05-59-43	VKClone.xmlz	830410c4-dde9-49da-b53b-bbd4302adb07	Уведомлялка об отсутствии id доноров в списке	C:\VKClone\		
2016-11-03 06-03-14	VKClone.xmlz	d86f3dd6-4313-48fc-b5a4-f8d5cc65d152	Уведомлялка об отсутствии аккаунтов в списке	C:\VKClone\		
2016-11-03 06-03-30	VKClone.xmlz	9ddb63f1-8dca-40b8-8f7e-d3644a9b25d5	Проверка логина и пароль от аккаунта	C:\VKClone\	Неправильно указаны аккаунты в файле. Правильный формат -  login-vk:password-vk^login-proxy:password-proxy@ip:port . Кодировка файла - UTF-8 без BOM	
2016-11-03 08-24-58	VKClone.xmlz	830410c4-dde9-49da-b53b-bbd4302adb07	Уведомлялка об отсутствии id доноров в списке	C:\VKClone\		
2016-11-03 08-25-27	VKClone.xmlz	830410c4-dde9-49da-b53b-bbd4302adb07	Уведомлялка об отсутствии id доноров в списке	C:\VKClone\		
2016-11-03 08-26-33	VKClone.xmlz	d86f3dd6-4313-48fc-b5a4-f8d5cc65d152	Уведомлялка об отсутствии аккаунтов в списке	C:\VKClone\		
2016-11-03 08-26-50	VKClone.xmlz	9ddb63f1-8dca-40b8-8f7e-d3644a9b25d5	Проверка логина и пароль от аккаунта	C:\VKClone\	Неправильно указаны аккаунты в файле. Правильный формат -  login-vk:password-vk^login-proxy:password-proxy@ip:port . Кодировка файла - UTF-8 без BOM	
2016-11-03 08-27-48	VKClone.xmlz	d86f3dd6-4313-48fc-b5a4-f8d5cc65d152	Уведомлялка об отсутствии аккаунтов в списке	C:\VKClone\		
2016-11-03 08-29-12	VKClone.xmlz	9ddb63f1-8dca-40b8-8f7e-d3644a9b25d5	Проверка логина и пароль от аккаунта	C:\VKClone\	Неправильно указаны аккаунты в файле. Правильный формат -  login-vk:password-vk^login-proxy:password-proxy@ip:port . Кодировка файла - UTF-8 без BOM	
2016-11-03 08-29-36	VKClone.xmlz	9ddb63f1-8dca-40b8-8f7e-d3644a9b25d5	Проверка логина и пароль от аккаунта	C:\VKClone\	Неправильно указаны аккаунты в файле. Правильный формат -  login-vk:password-vk^login-proxy:password-proxy@ip:port . Кодировка файла - UTF-8 без BOM	
2016-11-03 08-30-08	VKClone.xmlz	d86f3dd6-4313-48fc-b5a4-f8d5cc65d152	Уведомлялка об отсутствии аккаунтов в списке	C:\VKClone\		
2016-11-03 08-30-23	VKClone.xmlz	9ddb63f1-8dca-40b8-8f7e-d3644a9b25d5	Проверка логина и пароль от аккаунта	C:\VKClone\	Неправильно указаны аккаунты в файле. Правильный формат -  login-vk:password-vk^login-proxy:password-proxy@ip:port . Кодировка файла - UTF-8 без BOM	
2016-11-03 08-34-37	VKClone.xmlz	d86f3dd6-4313-48fc-b5a4-f8d5cc65d152	Уведомлялка об отсутствии аккаунтов в списке	C:\VKClone\		
2016-11-03 08-37-25	VKClone.xmlz	9ddb63f1-8dca-40b8-8f7e-d3644a9b25d5	Проверка логина и пароль от аккаунта	C:\VKClone\	Неправильно указаны аккаунты в файле. Правильный формат -  login-vk:password-vk^login-proxy:password-proxy@ip:port . Кодировка файла - UTF-8 без BOM	
2016-11-03 08-40-52	VKClone.xmlz	9ddb63f1-8dca-40b8-8f7e-d3644a9b25d5	Проверка логина и пароль от аккаунта	C:\VKClone\	Неправильно указаны аккаунты в файле. Правильный формат -  login-vk:password-vk^login-proxy:password-proxy@ip:port . Кодировка файла - UTF-8 без BOM	
2016-11-03 08-41-12	VKClone.xmlz	9ddb63f1-8dca-40b8-8f7e-d3644a9b25d5	Проверка логина и пароль от аккаунта	C:\VKClone\	Неправильно указаны аккаунты в файле. Правильный формат -  login-vk:password-vk^login-proxy:password-proxy@ip:port . Кодировка файла - UTF-8 без BOM	
2016-11-03 08-52-06	VKClone.xmlz	d86f3dd6-4313-48fc-b5a4-f8d5cc65d152	Уведомлялка об отсутствии аккаунтов в списке	C:\VKClone\		
2016-11-03 08-52-15	VKClone.xmlz	9ddb63f1-8dca-40b8-8f7e-d3644a9b25d5	Проверка логина и пароль от аккаунта	C:\VKClone\	Неправильно указаны аккаунты в файле. Правильный формат -  login-vk:password-vk^login-proxy:password-proxy@ip:port . Кодировка файла - UTF-8 без BOM	
2016-11-03 08-53-44	VKClone.xmlz	d86f3dd6-4313-48fc-b5a4-f8d5cc65d152	Уведомлялка об отсутствии аккаунтов в списке	C:\VKClone\		
2016-11-03 08-54-04	VKClone.xmlz	9ddb63f1-8dca-40b8-8f7e-d3644a9b25d5	Проверка логина и пароль от аккаунта	C:\VKClone\	Неправильно указаны аккаунты в файле. Правильный формат -  login-vk:password-vk^login-proxy:password-proxy@ip:port . Кодировка файла - UTF-8 без BOM	
2016-11-03 08-58-07	VKClone.xmlz	d86f3dd6-4313-48fc-b5a4-f8d5cc65d152	Уведомлялка об отсутствии аккаунтов в списке	C:\VKClone\		
2016-11-03 08-58-13	VKClone.xmlz	d86f3dd6-4313-48fc-b5a4-f8d5cc65d152	Уведомлялка об отсутствии аккаунтов в списке	C:\VKClone\		
2016-11-03 09-25-12	VKClone.xmlz	d86f3dd6-4313-48fc-b5a4-f8d5cc65d152	Уведомлялка об отсутствии аккаунтов в списке	C:\VKClone\		
2016-11-03 09-25-29	VKClone.xmlz	d86f3dd6-4313-48fc-b5a4-f8d5cc65d152	Уведомлялка об отсутствии аккаунтов в списке	C:\VKClone\		
2016-11-03 09-26-13	VKClone.xmlz	830410c4-dde9-49da-b53b-bbd4302adb07	Уведомлялка об отсутствии id доноров в списке	C:\VKClone\		
2016-11-03 09-26-20	VKClone.xmlz	830410c4-dde9-49da-b53b-bbd4302adb07	Уведомлялка об отсутствии id доноров в списке	C:\VKClone\		
2016-11-03 09-26-27	VKClone.xmlz	830410c4-dde9-49da-b53b-bbd4302adb07	Уведомлялка об отсутствии id доноров в списке	C:\VKClone\		
2016-11-03 10-41-00	VKClone.xmlz	fc18f07f-f7f6-450b-b765-d52fe1023397	Фильтруем альбомы	C:\VKClone\		
